<?xml version="1.0" encoding="UTF-8"?>
<testng-results ignored="0" total="1" passed="1" failed="0" skipped="0">
  <reporter-output>
  </reporter-output>
  <suite started-at="2022-03-20T14:33:50 IST" name="tesst1" finished-at="2022-03-20T14:35:05 IST" duration-ms="75630">
    <groups>
    </groups>
    <test started-at="2022-03-20T14:33:50 IST" name="Test" finished-at="2022-03-20T14:35:05 IST" duration-ms="75630">
      <class name="com_Test.test001">
        <test-method is-config="true" signature="manage()[pri:0, instance:com_Test.test001@7d4f9aae]" started-at="2022-03-20T14:33:41 IST" name="manage" finished-at="2022-03-20T14:33:50 IST" duration-ms="8386" status="PASS">
          <reporter-output>
          </reporter-output>
        </test-method> <!-- manage -->
        <test-method is-config="true" signature="openbrowser()[pri:0, instance:com_Test.test001@7d4f9aae]" started-at="2022-03-20T14:33:50 IST" name="openbrowser" finished-at="2022-03-20T14:34:52 IST" duration-ms="62350" status="PASS">
          <reporter-output>
          </reporter-output>
        </test-method> <!-- openbrowser -->
        <test-method signature="test2()[pri:0, instance:com_Test.test001@7d4f9aae]" started-at="2022-03-20T14:34:52 IST" name="test2" finished-at="2022-03-20T14:34:56 IST" duration-ms="3367" status="PASS">
          <reporter-output>
          </reporter-output>
        </test-method> <!-- test2 -->
        <test-method is-config="true" signature="teardown()[pri:0, instance:com_Test.test001@7d4f9aae]" started-at="2022-03-20T14:34:56 IST" name="teardown" finished-at="2022-03-20T14:35:05 IST" duration-ms="9602" status="PASS">
          <reporter-output>
          </reporter-output>
        </test-method> <!-- teardown -->
      </class> <!-- com_Test.test001 -->
    </test> <!-- Test -->
  </suite> <!-- tesst1 -->
</testng-results>
